Running test with 10000 clients for 300 seconds
Result: [{connection_time,
             [{min,1211},
              {max,7095662},
              {arithmetic_mean,865234.6877431907},
              {geometric_mean,54697.83406753208},
              {harmonic_mean,7120.650345343649},
              {median,30830},
              {variance,2735986827114.5996},
              {standard_deviation,1654081.8683229072},
              {skewness,1.9914668412550036},
              {kurtosis,2.909594628744607},
              {percentile,
                  [{75,742384},{95,4987533},{99,6799786},{999,7095626}]},
              {histogram,
                  [{601211,754},
                   {1201211,43},
                   {1801211,37},
                   {2301211,24},
                   {2901211,29},
                   {4001211,47},
                   {5001211,44},
                   {6001211,34},
                   {7001211,13},
                   {8001211,3}]}]},
         {latency,
             [{min,339},
              {max,133716},
              {arithmetic_mean,17183.052529182878},
              {geometric_mean,10783.698396530715},
              {harmonic_mean,5192.896345572704},
              {median,13152},
              {variance,268282946.31856245},
              {standard_deviation,16379.345112627747},
              {skewness,2.1492019675946312},
              {kurtosis,6.822353838233374},
              {percentile,[{75,21791},{95,51176},{99,72926},{999,120010}]},
              {histogram,
                  [{6339,269},
                   {12339,215},
                   {18339,200},
                   {23339,116},
                   {29339,64},
                   {40339,70},
                   {50339,39},
                   {60339,25},
                   {70339,18},
                   {80339,2},
                   {90339,5},
                   {100339,3},
                   {110339,0},
                   {120339,1},
                   {130339,0},
                   {140339,1}]}]},
         {connections,10000},
         {disconnections,0},
         {messages,2849294},
         {connection_timeouts,0},
         {crashes,0}]
