Running test with 10000 clients for 300 seconds

=INFO REPORT==== 13-Jun-2012::23:27:36 ===
Websocket Client Terminated connection_timeout

=ERROR REPORT==== 13-Jun-2012::23:27:36 ===
** Generic server <0.41.0> terminating 
** Last message in was timeout
** When Server state == {state,undefined,undefined,[],wsdemo_client,
                               {state,{1339,630054,871667}},
                               {"ec2-23-22-162-186.compute-1.amazonaws.com",
                                8000,"/"},
                               <<>>}
** Reason for termination == 
** connection_timeout

=INFO REPORT==== 13-Jun-2012::23:27:36 ===
Websocket Client Terminated connection_timeout

=ERROR REPORT==== 13-Jun-2012::23:27:36 ===
** Generic server <0.42.0> terminating 
** Last message in was timeout
** When Server state == {state,undefined,undefined,[],wsdemo_client,
                               {state,{1339,630054,871760}},
                               {"ec2-23-22-162-186.compute-1.amazonaws.com",
                                8000,"/"},
                               <<>>}
** Reason for termination == 
** connection_timeout

=INFO REPORT==== 13-Jun-2012::23:27:36 ===
Websocket Client Terminated connection_timeout

=ERROR REPORT==== 13-Jun-2012::23:27:36 ===
** Generic server <0.46.0> terminating 
** Last message in was timeout
** When Server state == {state,undefined,undefined,[],wsdemo_client,
                               {state,{1339,630054,873043}},
                               {"ec2-23-22-162-186.compute-1.amazonaws.com",
                                8000,"/"},
                               <<>>}
** Reason for termination == 
** connection_timeout

=INFO REPORT==== 13-Jun-2012::23:27:36 ===
Websocket Client Terminated connection_timeout

=ERROR REPORT==== 13-Jun-2012::23:27:36 ===
** Generic server <0.43.0> terminating 
** Last message in was timeout
** When Server state == {state,undefined,undefined,[],wsdemo_client,
                               {state,{1339,630054,872143}},
                               {"ec2-23-22-162-186.compute-1.amazonaws.com",
                                8000,"/"},
                               <<>>}
** Reason for termination == 
** connection_timeout

=INFO REPORT==== 13-Jun-2012::23:27:36 ===
Websocket Client Terminated connection_timeout

=ERROR REPORT==== 13-Jun-2012::23:27:36 ===
** Generic server <0.47.0> terminating 
** Last message in was timeout
** When Server state == {state,undefined,undefined,[],wsdemo_client,
                               {state,{1339,630054,875039}},
                               {"ec2-23-22-162-186.compute-1.amazonaws.com",
                                8000,"/"},
                               <<>>}
** Reason for termination == 
** connection_timeout

=INFO REPORT==== 13-Jun-2012::23:27:36 ===
Websocket Client Terminated connection_timeout

=ERROR REPORT==== 13-Jun-2012::23:27:36 ===
** Generic server <0.48.0> terminating 
** Last message in was timeout
** When Server state == {state,undefined,undefined,[],wsdemo_client,
                               {state,{1339,630054,877031}},
                               {"ec2-23-22-162-186.compute-1.amazonaws.com",
                                8000,"/"},
                               <<>>}
** Reason for termination == 
** connection_timeout

=INFO REPORT==== 13-Jun-2012::23:27:36 ===
Websocket Client Terminated connection_timeout

=ERROR REPORT==== 13-Jun-2012::23:27:36 ===
** Generic server <0.49.0> terminating 
** Last message in was timeout
** When Server state == {state,undefined,undefined,[],wsdemo_client,
                               {state,{1339,630054,879034}},
                               {"ec2-23-22-162-186.compute-1.amazonaws.com",
                                8000,"/"},
                               <<>>}
** Reason for termination == 
** connection_timeout

=INFO REPORT==== 13-Jun-2012::23:27:36 ===
Websocket Client Terminated connection_timeout

=ERROR REPORT==== 13-Jun-2012::23:27:36 ===
** Generic server <0.50.0> terminating 
** Last message in was timeout
** When Server state == {state,undefined,undefined,[],wsdemo_client,
                               {state,{1339,630054,881029}},
                               {"ec2-23-22-162-186.compute-1.amazonaws.com",
                                8000,"/"},
                               <<>>}
** Reason for termination == 
** connection_timeout

=INFO REPORT==== 13-Jun-2012::23:27:36 ===
Websocket Client Terminated connection_timeout

=ERROR REPORT==== 13-Jun-2012::23:27:36 ===
** Generic server <0.51.0> terminating 
** Last message in was timeout
** When Server state == {state,undefined,undefined,[],wsdemo_client,
                               {state,{1339,630054,883088}},
                               {"ec2-23-22-162-186.compute-1.amazonaws.com",
                                8000,"/"},
                               <<>>}
** Reason for termination == 
** connection_timeout

=INFO REPORT==== 13-Jun-2012::23:27:36 ===
Websocket Client Terminated connection_timeout

=ERROR REPORT==== 13-Jun-2012::23:27:36 ===
** Generic server <0.52.0> terminating 
** Last message in was timeout
** When Server state == {state,undefined,undefined,[],wsdemo_client,
                               {state,{1339,630054,885033}},
                               {"ec2-23-22-162-186.compute-1.amazonaws.com",
                                8000,"/"},
                               <<>>}
** Reason for termination == 
** connection_timeout

=INFO REPORT==== 13-Jun-2012::23:27:36 ===
Websocket Client Terminated connection_timeout

=ERROR REPORT==== 13-Jun-2012::23:27:36 ===
** Generic server <0.53.0> terminating 
** Last message in was timeout
** When Server state == {state,undefined,undefined,[],wsdemo_client,
                               {state,{1339,630054,887030}},
                               {"ec2-23-22-162-186.compute-1.amazonaws.com",
                                8000,"/"},
                               <<>>}
** Reason for termination == 
** connection_timeout

=INFO REPORT==== 13-Jun-2012::23:27:36 ===
Websocket Client Terminated connection_timeout

=ERROR REPORT==== 13-Jun-2012::23:27:36 ===
** Generic server <0.54.0> terminating 
** Last message in was timeout
** When Server state == {state,undefined,undefined,[],wsdemo_client,
                               {state,{1339,630054,889032}},
                               {"ec2-23-22-162-186.compute-1.amazonaws.com",
                                8000,"/"},
                               <<>>}
** Reason for termination == 
** connection_timeout

=INFO REPORT==== 13-Jun-2012::23:27:36 ===
Websocket Client Terminated connection_timeout

=ERROR REPORT==== 13-Jun-2012::23:27:36 ===
** Generic server <0.55.0> terminating 
** Last message in was timeout
** When Server state == {state,undefined,undefined,[],wsdemo_client,
                               {state,{1339,630054,891027}},
                               {"ec2-23-22-162-186.compute-1.amazonaws.com",
                                8000,"/"},
                               <<>>}
** Reason for termination == 
** connection_timeout

=INFO REPORT==== 13-Jun-2012::23:27:36 ===
Websocket Client Terminated connection_timeout

=ERROR REPORT==== 13-Jun-2012::23:27:36 ===
** Generic server <0.56.0> terminating 
** Last message in was timeout
** When Server state == {state,undefined,undefined,[],wsdemo_client,
                               {state,{1339,630054,893031}},
                               {"ec2-23-22-162-186.compute-1.amazonaws.com",
                                8000,"/"},
                               <<>>}
** Reason for termination == 
** connection_timeout

=INFO REPORT==== 13-Jun-2012::23:27:36 ===
Websocket Client Terminated connection_timeout

=ERROR REPORT==== 13-Jun-2012::23:27:36 ===
** Generic server <0.57.0> terminating 
** Last message in was timeout
** When Server state == {state,undefined,undefined,[],wsdemo_client,
                               {state,{1339,630054,895030}},
                               {"ec2-23-22-162-186.compute-1.amazonaws.com",
                                8000,"/"},
                               <<>>}
** Reason for termination == 
** connection_timeout

=INFO REPORT==== 13-Jun-2012::23:27:36 ===
Websocket Client Terminated connection_timeout

=ERROR REPORT==== 13-Jun-2012::23:27:36 ===
** Generic server <0.58.0> terminating 
** Last message in was timeout
** When Server state == {state,undefined,undefined,[],wsdemo_client,
                               {state,{1339,630054,897030}},
                               {"ec2-23-22-162-186.compute-1.amazonaws.com",
                                8000,"/"},
                               <<>>}
** Reason for termination == 
** connection_timeout

=INFO REPORT==== 13-Jun-2012::23:27:36 ===
Websocket Client Terminated connection_timeout

=ERROR REPORT==== 13-Jun-2012::23:27:36 ===
** Generic server <0.59.0> terminating 
** Last message in was timeout
** When Server state == {state,undefined,undefined,[],wsdemo_client,
                               {state,{1339,630054,899033}},
                               {"ec2-23-22-162-186.compute-1.amazonaws.com",
                                8000,"/"},
                               <<>>}
** Reason for termination == 
** connection_timeout

=INFO REPORT==== 13-Jun-2012::23:27:36 ===
Websocket Client Terminated connection_timeout

=ERROR REPORT==== 13-Jun-2012::23:27:36 ===
** Generic server <0.60.0> terminating 
** Last message in was timeout
** When Server state == {state,undefined,undefined,[],wsdemo_client,
                               {state,{1339,630054,901028}},
                               {"ec2-23-22-162-186.compute-1.amazonaws.com",
                                8000,"/"},
                               <<>>}
** Reason for termination == 
** connection_timeout

=INFO REPORT==== 13-Jun-2012::23:27:36 ===
Websocket Client Terminated connection_timeout

=ERROR REPORT==== 13-Jun-2012::23:27:36 ===
** Generic server <0.61.0> terminating 
** Last message in was timeout
** When Server state == {state,undefined,undefined,[],wsdemo_client,
                               {state,{1339,630054,903056}},
                               {"ec2-23-22-162-186.compute-1.amazonaws.com",
                                8000,"/"},
                               <<>>}
** Reason for termination == 
** connection_timeout

=INFO REPORT==== 13-Jun-2012::23:27:36 ===
Websocket Client Terminated connection_timeout

=ERROR REPORT==== 13-Jun-2012::23:27:36 ===
** Generic server <0.62.0> terminating 
** Last message in was timeout
** When Server state == {state,undefined,undefined,[],wsdemo_client,
                               {state,{1339,630054,905030}},
                               {"ec2-23-22-162-186.compute-1.amazonaws.com",
                                8000,"/"},
                               <<>>}
** Reason for termination == 
** connection_timeout

=INFO REPORT==== 13-Jun-2012::23:27:36 ===
Websocket Client Terminated connection_timeout

=ERROR REPORT==== 13-Jun-2012::23:27:36 ===
** Generic server <0.63.0> terminating 
** Last message in was timeout
** When Server state == {state,undefined,undefined,[],wsdemo_client,
                               {state,{1339,630054,907055}},
                               {"ec2-23-22-162-186.compute-1.amazonaws.com",
                                8000,"/"},
                               <<>>}
** Reason for termination == 
** connection_timeout

=INFO REPORT==== 13-Jun-2012::23:27:36 ===
Websocket Client Terminated connection_timeout

=ERROR REPORT==== 13-Jun-2012::23:27:36 ===
** Generic server <0.64.0> terminating 
** Last message in was timeout
** When Server state == {state,undefined,undefined,[],wsdemo_client,
                               {state,{1339,630054,909030}},
                               {"ec2-23-22-162-186.compute-1.amazonaws.com",
                                8000,"/"},
                               <<>>}
** Reason for termination == 
** connection_timeout

=INFO REPORT==== 13-Jun-2012::23:27:36 ===
Websocket Client Terminated connection_timeout

=ERROR REPORT==== 13-Jun-2012::23:27:36 ===
** Generic server <0.65.0> terminating 
** Last message in was timeout
** When Server state == {state,undefined,undefined,[],wsdemo_client,
                               {state,{1339,630054,911032}},
                               {"ec2-23-22-162-186.compute-1.amazonaws.com",
                                8000,"/"},
                               <<>>}
** Reason for termination == 
** connection_timeout

=INFO REPORT==== 13-Jun-2012::23:27:36 ===
Websocket Client Terminated connection_timeout

=ERROR REPORT==== 13-Jun-2012::23:27:36 ===
** Generic server <0.66.0> terminating 
** Last message in was timeout
** When Server state == {state,undefined,undefined,[],wsdemo_client,
                               {state,{1339,630054,913031}},
                               {"ec2-23-22-162-186.compute-1.amazonaws.com",
                                8000,"/"},
                               <<>>}
** Reason for termination == 
** connection_timeout

=INFO REPORT==== 13-Jun-2012::23:27:36 ===
Websocket Client Terminated connection_timeout

=ERROR REPORT==== 13-Jun-2012::23:27:36 ===
** Generic server <0.67.0> terminating 
** Last message in was timeout
** When Server state == {state,undefined,undefined,[],wsdemo_client,
                               {state,{1339,630054,915030}},
                               {"ec2-23-22-162-186.compute-1.amazonaws.com",
                                8000,"/"},
                               <<>>}
** Reason for termination == 
** connection_timeout

=INFO REPORT==== 13-Jun-2012::23:27:36 ===
Websocket Client Terminated connection_timeout

=ERROR REPORT==== 13-Jun-2012::23:27:36 ===
** Generic server <0.68.0> terminating 
** Last message in was timeout
** When Server state == {state,undefined,undefined,[],wsdemo_client,
                               {state,{1339,630054,917030}},
                               {"ec2-23-22-162-186.compute-1.amazonaws.com",
                                8000,"/"},
                               <<>>}
** Reason for termination == 
** connection_timeout

=INFO REPORT==== 13-Jun-2012::23:27:36 ===
Websocket Client Terminated connection_timeout

=ERROR REPORT==== 13-Jun-2012::23:27:36 ===
** Generic server <0.69.0> terminating 
** Last message in was timeout
** When Server state == {state,undefined,undefined,[],wsdemo_client,
                               {state,{1339,630054,919030}},
                               {"ec2-23-22-162-186.compute-1.amazonaws.com",
                                8000,"/"},
                               <<>>}
** Reason for termination == 
** connection_timeout

=INFO REPORT==== 13-Jun-2012::23:27:36 ===
Websocket Client Terminated connection_timeout

=ERROR REPORT==== 13-Jun-2012::23:27:36 ===
** Generic server <0.70.0> terminating 
** Last message in was timeout
** When Server state == {state,undefined,undefined,[],wsdemo_client,
                               {state,{1339,630054,921030}},
                               {"ec2-23-22-162-186.compute-1.amazonaws.com",
                                8000,"/"},
                               <<>>}
** Reason for termination == 
** connection_timeout

=INFO REPORT==== 13-Jun-2012::23:27:36 ===
Websocket Client Terminated connection_timeout

=ERROR REPORT==== 13-Jun-2012::23:27:36 ===
** Generic server <0.71.0> terminating 
** Last message in was timeout
** When Server state == {state,undefined,undefined,[],wsdemo_client,
                               {state,{1339,630054,923052}},
                               {"ec2-23-22-162-186.compute-1.amazonaws.com",
                                8000,"/"},
                               <<>>}
** Reason for termination == 
** connection_timeout

=INFO REPORT==== 13-Jun-2012::23:27:36 ===
Websocket Client Terminated connection_timeout

=ERROR REPORT==== 13-Jun-2012::23:27:36 ===
** Generic server <0.72.0> terminating 
** Last message in was timeout
** When Server state == {state,undefined,undefined,[],wsdemo_client,
                               {state,{1339,630054,972853}},
                               {"ec2-23-22-162-186.compute-1.amazonaws.com",
                                8000,"/"},
                               <<>>}
** Reason for termination == 
** connection_timeout

=INFO REPORT==== 13-Jun-2012::23:27:36 ===
Websocket Client Terminated connection_timeout

=ERROR REPORT==== 13-Jun-2012::23:27:36 ===
** Generic server <0.73.0> terminating 
** Last message in was timeout
** When Server state == {state,undefined,undefined,[],wsdemo_client,
                               {state,{1339,630054,974031}},
                               {"ec2-23-22-162-186.compute-1.amazonaws.com",
                                8000,"/"},
                               <<>>}
** Reason for termination == 
** connection_timeout

=INFO REPORT==== 13-Jun-2012::23:27:36 ===
Websocket Client Terminated connection_timeout

=ERROR REPORT==== 13-Jun-2012::23:27:36 ===
** Generic server <0.74.0> terminating 
** Last message in was timeout
** When Server state == {state,undefined,undefined,[],wsdemo_client,
                               {state,{1339,630054,976027}},
                               {"ec2-23-22-162-186.compute-1.amazonaws.com",
                                8000,"/"},
                               <<>>}
** Reason for termination == 
** connection_timeout

=INFO REPORT==== 13-Jun-2012::23:27:36 ===
Websocket Client Terminated connection_timeout

=ERROR REPORT==== 13-Jun-2012::23:27:36 ===
** Generic server <0.75.0> terminating 
** Last message in was timeout
** When Server state == {state,undefined,undefined,[],wsdemo_client,
                               {state,{1339,630054,978029}},
                               {"ec2-23-22-162-186.compute-1.amazonaws.com",
                                8000,"/"},
                               <<>>}
** Reason for termination == 
** connection_timeout

=INFO REPORT==== 13-Jun-2012::23:27:36 ===
Websocket Client Terminated connection_timeout

=ERROR REPORT==== 13-Jun-2012::23:27:36 ===
** Generic server <0.76.0> terminating 
** Last message in was timeout
** When Server state == {state,undefined,undefined,[],wsdemo_client,
                               {state,{1339,630054,980034}},
                               {"ec2-23-22-162-186.compute-1.amazonaws.com",
                                8000,"/"},
                               <<>>}
** Reason for termination == 
** connection_timeout

=INFO REPORT==== 13-Jun-2012::23:27:36 ===
Websocket Client Terminated connection_timeout

=ERROR REPORT==== 13-Jun-2012::23:27:36 ===
** Generic server <0.77.0> terminating 
** Last message in was timeout
** When Server state == {state,undefined,undefined,[],wsdemo_client,
                               {state,{1339,630054,982028}},
                               {"ec2-23-22-162-186.compute-1.amazonaws.com",
                                8000,"/"},
                               <<>>}
** Reason for termination == 
** connection_timeout

=INFO REPORT==== 13-Jun-2012::23:27:36 ===
Websocket Client Terminated connection_timeout

=ERROR REPORT==== 13-Jun-2012::23:27:36 ===
** Generic server <0.78.0> terminating 
** Last message in was timeout
** When Server state == {state,undefined,undefined,[],wsdemo_client,
                               {state,{1339,630054,984026}},
                               {"ec2-23-22-162-186.compute-1.amazonaws.com",
                                8000,"/"},
                               <<>>}
** Reason for termination == 
** connection_timeout

=INFO REPORT==== 13-Jun-2012::23:27:36 ===
Websocket Client Terminated connection_timeout

=ERROR REPORT==== 13-Jun-2012::23:27:36 ===
** Generic server <0.79.0> terminating 
** Last message in was timeout
** When Server state == {state,undefined,undefined,[],wsdemo_client,
                               {state,{1339,630054,986033}},
                               {"ec2-23-22-162-186.compute-1.amazonaws.com",
                                8000,"/"},
                               <<>>}
** Reason for termination == 
** connection_timeout

=INFO REPORT==== 13-Jun-2012::23:27:36 ===
Websocket Client Terminated connection_timeout

=ERROR REPORT==== 13-Jun-2012::23:27:36 ===
** Generic server <0.80.0> terminating 
** Last message in was timeout
** When Server state == {state,undefined,undefined,[],wsdemo_client,
                               {state,{1339,630054,988029}},
                               {"ec2-23-22-162-186.compute-1.amazonaws.com",
                                8000,"/"},
                               <<>>}
** Reason for termination == 
** connection_timeout

=INFO REPORT==== 13-Jun-2012::23:27:36 ===
Websocket Client Terminated connection_timeout

=ERROR REPORT==== 13-Jun-2012::23:27:36 ===
** Generic server <0.81.0> terminating 
** Last message in was timeout
** When Server state == {state,undefined,undefined,[],wsdemo_client,
                               {state,{1339,630054,990029}},
                               {"ec2-23-22-162-186.compute-1.amazonaws.com",
                                8000,"/"},
                               <<>>}
** Reason for termination == 
** connection_timeout

=INFO REPORT==== 13-Jun-2012::23:27:36 ===
Websocket Client Terminated connection_timeout

=ERROR REPORT==== 13-Jun-2012::23:27:36 ===
** Generic server <0.82.0> terminating 
** Last message in was timeout
** When Server state == {state,undefined,undefined,[],wsdemo_client,
                               {state,{1339,630054,992028}},
                               {"ec2-23-22-162-186.compute-1.amazonaws.com",
                                8000,"/"},
                               <<>>}
** Reason for termination == 
** connection_timeout

=INFO REPORT==== 13-Jun-2012::23:27:36 ===
Websocket Client Terminated connection_timeout

=ERROR REPORT==== 13-Jun-2012::23:27:36 ===
** Generic server <0.83.0> terminating 
** Last message in was timeout
** When Server state == {state,undefined,undefined,[],wsdemo_client,
                               {state,{1339,630054,994035}},
                               {"ec2-23-22-162-186.compute-1.amazonaws.com",
                                8000,"/"},
                               <<>>}
** Reason for termination == 
** connection_timeout

=INFO REPORT==== 13-Jun-2012::23:27:36 ===
Websocket Client Terminated connection_timeout

=ERROR REPORT==== 13-Jun-2012::23:27:36 ===
** Generic server <0.84.0> terminating 
** Last message in was timeout
** When Server state == {state,undefined,undefined,[],wsdemo_client,
                               {state,{1339,630054,996028}},
                               {"ec2-23-22-162-186.compute-1.amazonaws.com",
                                8000,"/"},
                               <<>>}
** Reason for termination == 
** connection_timeout

=INFO REPORT==== 13-Jun-2012::23:27:36 ===
Websocket Client Terminated connection_timeout

=ERROR REPORT==== 13-Jun-2012::23:27:36 ===
** Generic server <0.85.0> terminating 
** Last message in was timeout
** When Server state == {state,undefined,undefined,[],wsdemo_client,
                               {state,{1339,630054,998031}},
                               {"ec2-23-22-162-186.compute-1.amazonaws.com",
                                8000,"/"},
                               <<>>}
** Reason for termination == 
** connection_timeout

=INFO REPORT==== 13-Jun-2012::23:27:36 ===
Websocket Client Terminated connection_timeout

=ERROR REPORT==== 13-Jun-2012::23:27:36 ===
** Generic server <0.86.0> terminating 
** Last message in was timeout
** When Server state == {state,undefined,undefined,[],wsdemo_client,
                               {state,{1339,630055,29}},
                               {"ec2-23-22-162-186.compute-1.amazonaws.com",
                                8000,"/"},
                               <<>>}
** Reason for termination == 
** connection_timeout

=INFO REPORT==== 13-Jun-2012::23:27:36 ===
Websocket Client Terminated connection_timeout

=ERROR REPORT==== 13-Jun-2012::23:27:36 ===
** Generic server <0.87.0> terminating 
** Last message in was timeout
** When Server state == {state,undefined,undefined,[],wsdemo_client,
                               {state,{1339,630055,2031}},
                               {"ec2-23-22-162-186.compute-1.amazonaws.com",
                                8000,"/"},
                               <<>>}
** Reason for termination == 
** connection_timeout

=INFO REPORT==== 13-Jun-2012::23:27:37 ===
Websocket Client Terminated connection_timeout

=ERROR REPORT==== 13-Jun-2012::23:27:37 ===
** Generic server <0.88.0> terminating 
** Last message in was timeout
** When Server state == {state,undefined,undefined,[],wsdemo_client,
                               {state,{1339,630055,4033}},
                               {"ec2-23-22-162-186.compute-1.amazonaws.com",
                                8000,"/"},
                               <<>>}
** Reason for termination == 
** connection_timeout

=INFO REPORT==== 13-Jun-2012::23:27:37 ===
Websocket Client Terminated connection_timeout

=ERROR REPORT==== 13-Jun-2012::23:27:37 ===
** Generic server <0.89.0> terminating 
** Last message in was timeout
** When Server state == {state,undefined,undefined,[],wsdemo_client,
                               {state,{1339,630055,6033}},
                               {"ec2-23-22-162-186.compute-1.amazonaws.com",
                                8000,"/"},
                               <<>>}
** Reason for termination == 
** connection_timeout

=INFO REPORT==== 13-Jun-2012::23:27:37 ===
Websocket Client Terminated connection_timeout

=ERROR REPORT==== 13-Jun-2012::23:27:37 ===
** Generic server <0.90.0> terminating 
** Last message in was timeout
** When Server state == {state,undefined,undefined,[],wsdemo_client,
                               {state,{1339,630055,8032}},
                               {"ec2-23-22-162-186.compute-1.amazonaws.com",
                                8000,"/"},
                               <<>>}
** Reason for termination == 
** connection_timeout

=INFO REPORT==== 13-Jun-2012::23:27:37 ===
Websocket Client Terminated connection_timeout

=ERROR REPORT==== 13-Jun-2012::23:27:37 ===
** Generic server <0.91.0> terminating 
** Last message in was timeout
** When Server state == {state,undefined,undefined,[],wsdemo_client,
                               {state,{1339,630055,10062}},
                               {"ec2-23-22-162-186.compute-1.amazonaws.com",
                                8000,"/"},
                               <<>>}
** Reason for termination == 
** connection_timeout

=INFO REPORT==== 13-Jun-2012::23:27:37 ===
Websocket Client Terminated connection_timeout

=ERROR REPORT==== 13-Jun-2012::23:27:37 ===
** Generic server <0.92.0> terminating 
** Last message in was timeout
** When Server state == {state,undefined,undefined,[],wsdemo_client,
                               {state,{1339,630055,12033}},
                               {"ec2-23-22-162-186.compute-1.amazonaws.com",
                                8000,"/"},
                               <<>>}
** Reason for termination == 
** connection_timeout

=INFO REPORT==== 13-Jun-2012::23:27:37 ===
Websocket Client Terminated connection_timeout

=ERROR REPORT==== 13-Jun-2012::23:27:37 ===
** Generic server <0.93.0> terminating 
** Last message in was timeout
** When Server state == {state,undefined,undefined,[],wsdemo_client,
                               {state,{1339,630055,14031}},
                               {"ec2-23-22-162-186.compute-1.amazonaws.com",
                                8000,"/"},
                               <<>>}
** Reason for termination == 
** connection_timeout

=INFO REPORT==== 13-Jun-2012::23:27:37 ===
Websocket Client Terminated connection_timeout

=ERROR REPORT==== 13-Jun-2012::23:27:37 ===
** Generic server <0.94.0> terminating 
** Last message in was timeout
** When Server state == {state,undefined,undefined,[],wsdemo_client,
                               {state,{1339,630055,16027}},
                               {"ec2-23-22-162-186.compute-1.amazonaws.com",
                                8000,"/"},
                               <<>>}
** Reason for termination == 
** connection_timeout

=INFO REPORT==== 13-Jun-2012::23:27:37 ===
Websocket Client Terminated connection_timeout

=ERROR REPORT==== 13-Jun-2012::23:27:37 ===
** Generic server <0.95.0> terminating 
** Last message in was timeout
** When Server state == {state,undefined,undefined,[],wsdemo_client,
                               {state,{1339,630055,18032}},
                               {"ec2-23-22-162-186.compute-1.amazonaws.com",
                                8000,"/"},
                               <<>>}
** Reason for termination == 
** connection_timeout

=INFO REPORT==== 13-Jun-2012::23:27:37 ===
Websocket Client Terminated connection_timeout

=ERROR REPORT==== 13-Jun-2012::23:27:37 ===
** Generic server <0.96.0> terminating 
** Last message in was timeout
** When Server state == {state,undefined,undefined,[],wsdemo_client,
                               {state,{1339,630055,20029}},
                               {"ec2-23-22-162-186.compute-1.amazonaws.com",
                                8000,"/"},
                               <<>>}
** Reason for termination == 
** connection_timeout

=INFO REPORT==== 13-Jun-2012::23:27:37 ===
Websocket Client Terminated connection_timeout

=ERROR REPORT==== 13-Jun-2012::23:27:37 ===
** Generic server <0.97.0> terminating 
** Last message in was timeout
** When Server state == {state,undefined,undefined,[],wsdemo_client,
                               {state,{1339,630055,22030}},
                               {"ec2-23-22-162-186.compute-1.amazonaws.com",
                                8000,"/"},
                               <<>>}
** Reason for termination == 
** connection_timeout

=INFO REPORT==== 13-Jun-2012::23:27:37 ===
Websocket Client Terminated connection_timeout

=ERROR REPORT==== 13-Jun-2012::23:27:37 ===
** Generic server <0.98.0> terminating 
** Last message in was timeout
** When Server state == {state,undefined,undefined,[],wsdemo_client,
                               {state,{1339,630055,24031}},
                               {"ec2-23-22-162-186.compute-1.amazonaws.com",
                                8000,"/"},
                               <<>>}
** Reason for termination == 
** connection_timeout

=INFO REPORT==== 13-Jun-2012::23:27:37 ===
Websocket Client Terminated connection_timeout

=ERROR REPORT==== 13-Jun-2012::23:27:37 ===
** Generic server <0.99.0> terminating 
** Last message in was timeout
** When Server state == {state,undefined,undefined,[],wsdemo_client,
                               {state,{1339,630055,26030}},
                               {"ec2-23-22-162-186.compute-1.amazonaws.com",
                                8000,"/"},
                               <<>>}
** Reason for termination == 
** connection_timeout

=INFO REPORT==== 13-Jun-2012::23:27:37 ===
Websocket Client Terminated connection_timeout

=ERROR REPORT==== 13-Jun-2012::23:27:37 ===
** Generic server <0.100.0> terminating 
** Last message in was timeout
** When Server state == {state,undefined,undefined,[],wsdemo_client,
                               {state,{1339,630055,28027}},
                               {"ec2-23-22-162-186.compute-1.amazonaws.com",
                                8000,"/"},
                               <<>>}
** Reason for termination == 
** connection_timeout

=INFO REPORT==== 13-Jun-2012::23:27:37 ===
Websocket Client Terminated connection_timeout

=ERROR REPORT==== 13-Jun-2012::23:27:37 ===
** Generic server <0.101.0> terminating 
** Last message in was timeout
** When Server state == {state,undefined,undefined,[],wsdemo_client,
                               {state,{1339,630055,30044}},
                               {"ec2-23-22-162-186.compute-1.amazonaws.com",
                                8000,"/"},
                               <<>>}
** Reason for termination == 
** connection_timeout

=INFO REPORT==== 13-Jun-2012::23:27:37 ===
Websocket Client Terminated connection_timeout

=ERROR REPORT==== 13-Jun-2012::23:27:37 ===
** Generic server <0.102.0> terminating 
** Last message in was timeout
** When Server state == {state,undefined,undefined,[],wsdemo_client,
                               {state,{1339,630055,32048}},
                               {"ec2-23-22-162-186.compute-1.amazonaws.com",
                                8000,"/"},
                               <<>>}
** Reason for termination == 
** connection_timeout

=INFO REPORT==== 13-Jun-2012::23:27:37 ===
Websocket Client Terminated connection_timeout

=ERROR REPORT==== 13-Jun-2012::23:27:37 ===
** Generic server <0.103.0> terminating 
** Last message in was timeout
** When Server state == {state,undefined,undefined,[],wsdemo_client,
                               {state,{1339,630055,34034}},
                               {"ec2-23-22-162-186.compute-1.amazonaws.com",
                                8000,"/"},
                               <<>>}
** Reason for termination == 
** connection_timeout

=INFO REPORT==== 13-Jun-2012::23:27:37 ===
Websocket Client Terminated connection_timeout

=ERROR REPORT==== 13-Jun-2012::23:27:37 ===
** Generic server <0.104.0> terminating 
** Last message in was timeout
** When Server state == {state,undefined,undefined,[],wsdemo_client,
                               {state,{1339,630055,36029}},
                               {"ec2-23-22-162-186.compute-1.amazonaws.com",
                                8000,"/"},
                               <<>>}
** Reason for termination == 
** connection_timeout

=INFO REPORT==== 13-Jun-2012::23:27:37 ===
Websocket Client Terminated connection_timeout

=ERROR REPORT==== 13-Jun-2012::23:27:37 ===
** Generic server <0.105.0> terminating 
** Last message in was timeout
** When Server state == {state,undefined,undefined,[],wsdemo_client,
                               {state,{1339,630055,38030}},
                               {"ec2-23-22-162-186.compute-1.amazonaws.com",
                                8000,"/"},
                               <<>>}
** Reason for termination == 
** connection_timeout

=INFO REPORT==== 13-Jun-2012::23:27:37 ===
Websocket Client Terminated connection_timeout

=ERROR REPORT==== 13-Jun-2012::23:27:37 ===
** Generic server <0.106.0> terminating 
** Last message in was timeout
** When Server state == {state,undefined,undefined,[],wsdemo_client,
                               {state,{1339,630055,40045}},
                               {"ec2-23-22-162-186.compute-1.amazonaws.com",
                                8000,"/"},
                               <<>>}
** Reason for termination == 
** connection_timeout

=INFO REPORT==== 13-Jun-2012::23:27:37 ===
Websocket Client Terminated connection_timeout

=ERROR REPORT==== 13-Jun-2012::23:27:37 ===
** Generic server <0.107.0> terminating 
** Last message in was timeout
** When Server state == {state,undefined,undefined,[],wsdemo_client,
                               {state,{1339,630055,42033}},
                               {"ec2-23-22-162-186.compute-1.amazonaws.com",
                                8000,"/"},
                               <<>>}
** Reason for termination == 
** connection_timeout

=INFO REPORT==== 13-Jun-2012::23:27:37 ===
Websocket Client Terminated connection_timeout

=ERROR REPORT==== 13-Jun-2012::23:27:37 ===
** Generic server <0.108.0> terminating 
** Last message in was timeout
** When Server state == {state,undefined,undefined,[],wsdemo_client,
                               {state,{1339,630055,44030}},
                               {"ec2-23-22-162-186.compute-1.amazonaws.com",
                                8000,"/"},
                               <<>>}
** Reason for termination == 
** connection_timeout

=INFO REPORT==== 13-Jun-2012::23:27:37 ===
Websocket Client Terminated connection_timeout

=ERROR REPORT==== 13-Jun-2012::23:27:37 ===
** Generic server <0.109.0> terminating 
** Last message in was timeout
** When Server state == {state,undefined,undefined,[],wsdemo_client,
                               {state,{1339,630055,68706}},
                               {"ec2-23-22-162-186.compute-1.amazonaws.com",
                                8000,"/"},
                               <<>>}
** Reason for termination == 
** connection_timeout

=INFO REPORT==== 13-Jun-2012::23:27:37 ===
Websocket Client Terminated connection_timeout

=ERROR REPORT==== 13-Jun-2012::23:27:37 ===
** Generic server <0.110.0> terminating 
** Last message in was timeout
** When Server state == {state,undefined,undefined,[],wsdemo_client,
                               {state,{1339,630055,70028}},
                               {"ec2-23-22-162-186.compute-1.amazonaws.com",
                                8000,"/"},
                               <<>>}
** Reason for termination == 
** connection_timeout

=INFO REPORT==== 13-Jun-2012::23:27:37 ===
Websocket Client Terminated connection_timeout

=ERROR REPORT==== 13-Jun-2012::23:27:37 ===
** Generic server <0.111.0> terminating 
** Last message in was timeout
** When Server state == {state,undefined,undefined,[],wsdemo_client,
                               {state,{1339,630055,72128}},
                               {"ec2-23-22-162-186.compute-1.amazonaws.com",
                                8000,"/"},
                               <<>>}
** Reason for termination == 
** connection_timeout

=INFO REPORT==== 13-Jun-2012::23:27:37 ===
Websocket Client Terminated connection_timeout

=ERROR REPORT==== 13-Jun-2012::23:27:37 ===
** Generic server <0.112.0> terminating 
** Last message in was timeout
** When Server state == {state,undefined,undefined,[],wsdemo_client,
                               {state,{1339,630055,74029}},
                               {"ec2-23-22-162-186.compute-1.amazonaws.com",
                                8000,"/"},
                               <<>>}
** Reason for termination == 
** connection_timeout

=INFO REPORT==== 13-Jun-2012::23:27:37 ===
Websocket Client Terminated connection_timeout

=ERROR REPORT==== 13-Jun-2012::23:27:37 ===
** Generic server <0.113.0> terminating 
** Last message in was timeout
** When Server state == {state,undefined,undefined,[],wsdemo_client,
                               {state,{1339,630055,76032}},
                               {"ec2-23-22-162-186.compute-1.amazonaws.com",
                                8000,"/"},
                               <<>>}
** Reason for termination == 
** connection_timeout

=INFO REPORT==== 13-Jun-2012::23:27:37 ===
Websocket Client Terminated connection_timeout

=ERROR REPORT==== 13-Jun-2012::23:27:37 ===
** Generic server <0.114.0> terminating 
** Last message in was timeout
** When Server state == {state,undefined,undefined,[],wsdemo_client,
                               {state,{1339,630055,78027}},
                               {"ec2-23-22-162-186.compute-1.amazonaws.com",
                                8000,"/"},
                               <<>>}
** Reason for termination == 
** connection_timeout

=INFO REPORT==== 13-Jun-2012::23:27:37 ===
Websocket Client Terminated connection_timeout

=ERROR REPORT==== 13-Jun-2012::23:27:37 ===
** Generic server <0.115.0> terminating 
** Last message in was timeout
** When Server state == {state,undefined,undefined,[],wsdemo_client,
                               {state,{1339,630055,80039}},
                               {"ec2-23-22-162-186.compute-1.amazonaws.com",
                                8000,"/"},
                               <<>>}
** Reason for termination == 
** connection_timeout

=INFO REPORT==== 13-Jun-2012::23:27:37 ===
Websocket Client Terminated connection_timeout

=ERROR REPORT==== 13-Jun-2012::23:27:37 ===
** Generic server <0.116.0> terminating 
** Last message in was timeout
** When Server state == {state,undefined,undefined,[],wsdemo_client,
                               {state,{1339,630055,82041}},
                               {"ec2-23-22-162-186.compute-1.amazonaws.com",
                                8000,"/"},
                               <<>>}
** Reason for termination == 
** connection_timeout

=INFO REPORT==== 13-Jun-2012::23:27:37 ===
Websocket Client Terminated connection_timeout

=ERROR REPORT==== 13-Jun-2012::23:27:37 ===
** Generic server <0.117.0> terminating 
** Last message in was timeout
** When Server state == {state,undefined,undefined,[],wsdemo_client,
                               {state,{1339,630055,84037}},
                               {"ec2-23-22-162-186.compute-1.amazonaws.com",
                                8000,"/"},
                               <<>>}
** Reason for termination == 
** connection_timeout

=INFO REPORT==== 13-Jun-2012::23:27:37 ===
Websocket Client Terminated connection_timeout

=ERROR REPORT==== 13-Jun-2012::23:27:37 ===
** Generic server <0.118.0> terminating 
** Last message in was timeout
** When Server state == {state,undefined,undefined,[],wsdemo_client,
                               {state,{1339,630055,86032}},
                               {"ec2-23-22-162-186.compute-1.amazonaws.com",
                                8000,"/"},
                               <<>>}
** Reason for termination == 
** connection_timeout

=INFO REPORT==== 13-Jun-2012::23:27:37 ===
Websocket Client Terminated connection_timeout

=ERROR REPORT==== 13-Jun-2012::23:27:37 ===
** Generic server <0.119.0> terminating 
** Last message in was timeout
** When Server state == {state,undefined,undefined,[],wsdemo_client,
                               {state,{1339,630055,88035}},
                               {"ec2-23-22-162-186.compute-1.amazonaws.com",
                                8000,"/"},
                               <<>>}
** Reason for termination == 
** connection_timeout

=INFO REPORT==== 13-Jun-2012::23:27:37 ===
Websocket Client Terminated connection_timeout

=ERROR REPORT==== 13-Jun-2012::23:27:37 ===
** Generic server <0.120.0> terminating 
** Last message in was timeout
** When Server state == {state,undefined,undefined,[],wsdemo_client,
                               {state,{1339,630055,90031}},
                               {"ec2-23-22-162-186.compute-1.amazonaws.com",
                                8000,"/"},
                               <<>>}
** Reason for termination == 
** connection_timeout

=INFO REPORT==== 13-Jun-2012::23:27:37 ===
Websocket Client Terminated connection_timeout

=ERROR REPORT==== 13-Jun-2012::23:27:37 ===
** Generic server <0.121.0> terminating 
** Last message in was timeout
** When Server state == {state,undefined,undefined,[],wsdemo_client,
                               {state,{1339,630055,92031}},
                               {"ec2-23-22-162-186.compute-1.amazonaws.com",
                                8000,"/"},
                               <<>>}
** Reason for termination == 
** connection_timeout

=INFO REPORT==== 13-Jun-2012::23:27:37 ===
Websocket Client Terminated connection_timeout

=ERROR REPORT==== 13-Jun-2012::23:27:37 ===
** Generic server <0.122.0> terminating 
** Last message in was timeout
** When Server state == {state,undefined,undefined,[],wsdemo_client,
                               {state,{1339,630055,94030}},
                               {"ec2-23-22-162-186.compute-1.amazonaws.com",
                                8000,"/"},
                               <<>>}
** Reason for termination == 
** connection_timeout

=INFO REPORT==== 13-Jun-2012::23:27:37 ===
Websocket Client Terminated connection_timeout

=ERROR REPORT==== 13-Jun-2012::23:27:37 ===
** Generic server <0.123.0> terminating 
** Last message in was timeout
** When Server state == {state,undefined,undefined,[],wsdemo_client,
                               {state,{1339,630055,96042}},
                               {"ec2-23-22-162-186.compute-1.amazonaws.com",
                                8000,"/"},
                               <<>>}
** Reason for termination == 
** connection_timeout

=INFO REPORT==== 13-Jun-2012::23:27:37 ===
Websocket Client Terminated connection_timeout

=ERROR REPORT==== 13-Jun-2012::23:27:37 ===
** Generic server <0.124.0> terminating 
** Last message in was timeout
** When Server state == {state,undefined,undefined,[],wsdemo_client,
                               {state,{1339,630055,98030}},
                               {"ec2-23-22-162-186.compute-1.amazonaws.com",
                                8000,"/"},
                               <<>>}
** Reason for termination == 
** connection_timeout

=INFO REPORT==== 13-Jun-2012::23:27:37 ===
Websocket Client Terminated connection_timeout

=ERROR REPORT==== 13-Jun-2012::23:27:37 ===
** Generic server <0.125.0> terminating 
** Last message in was timeout
** When Server state == {state,undefined,undefined,[],wsdemo_client,
                               {state,{1339,630055,100044}},
                               {"ec2-23-22-162-186.compute-1.amazonaws.com",
                                8000,"/"},
                               <<>>}
** Reason for termination == 
** connection_timeout

=INFO REPORT==== 13-Jun-2012::23:27:37 ===
Websocket Client Terminated connection_timeout

=ERROR REPORT==== 13-Jun-2012::23:27:37 ===
** Generic server <0.126.0> terminating 
** Last message in was timeout
** When Server state == {state,undefined,undefined,[],wsdemo_client,
                               {state,{1339,630055,102032}},
                               {"ec2-23-22-162-186.compute-1.amazonaws.com",
                                8000,"/"},
                               <<>>}
** Reason for termination == 
** connection_timeout

=INFO REPORT==== 13-Jun-2012::23:27:37 ===
Websocket Client Terminated connection_timeout

=ERROR REPORT==== 13-Jun-2012::23:27:37 ===
** Generic server <0.127.0> terminating 
** Last message in was timeout
** When Server state == {state,undefined,undefined,[],wsdemo_client,
                               {state,{1339,630055,104046}},
                               {"ec2-23-22-162-186.compute-1.amazonaws.com",
                                8000,"/"},
                               <<>>}
** Reason for termination == 
** connection_timeout

=INFO REPORT==== 13-Jun-2012::23:27:37 ===
Websocket Client Terminated connection_timeout

=ERROR REPORT==== 13-Jun-2012::23:27:37 ===
** Generic server <0.128.0> terminating 
** Last message in was timeout
** When Server state == {state,undefined,undefined,[],wsdemo_client,
                               {state,{1339,630055,106031}},
                               {"ec2-23-22-162-186.compute-1.amazonaws.com",
                                8000,"/"},
                               <<>>}
** Reason for termination == 
** connection_timeout

=INFO REPORT==== 13-Jun-2012::23:27:37 ===
Websocket Client Terminated connection_timeout

=ERROR REPORT==== 13-Jun-2012::23:27:37 ===
** Generic server <0.129.0> terminating 
** Last message in was timeout
** When Server state == {state,undefined,undefined,[],wsdemo_client,
                               {state,{1339,630055,108030}},
                               {"ec2-23-22-162-186.compute-1.amazonaws.com",
                                8000,"/"},
                               <<>>}
** Reason for termination == 
** connection_timeout

=INFO REPORT==== 13-Jun-2012::23:27:37 ===
Websocket Client Terminated connection_timeout

=ERROR REPORT==== 13-Jun-2012::23:27:37 ===
** Generic server <0.130.0> terminating 
** Last message in was timeout
** When Server state == {state,undefined,undefined,[],wsdemo_client,
                               {state,{1339,630055,110037}},
                               {"ec2-23-22-162-186.compute-1.amazonaws.com",
                                8000,"/"},
                               <<>>}
** Reason for termination == 
** connection_timeout

=INFO REPORT==== 13-Jun-2012::23:27:37 ===
Websocket Client Terminated connection_timeout

=ERROR REPORT==== 13-Jun-2012::23:27:37 ===
** Generic server <0.131.0> terminating 
** Last message in was timeout
** When Server state == {state,undefined,undefined,[],wsdemo_client,
                               {state,{1339,630055,112050}},
                               {"ec2-23-22-162-186.compute-1.amazonaws.com",
                                8000,"/"},
                               <<>>}
** Reason for termination == 
** connection_timeout

=INFO REPORT==== 13-Jun-2012::23:27:37 ===
Websocket Client Terminated connection_timeout

=ERROR REPORT==== 13-Jun-2012::23:27:37 ===
** Generic server <0.132.0> terminating 
** Last message in was timeout
** When Server state == {state,undefined,undefined,[],wsdemo_client,
                               {state,{1339,630055,114034}},
                               {"ec2-23-22-162-186.compute-1.amazonaws.com",
                                8000,"/"},
                               <<>>}
** Reason for termination == 
** connection_timeout

=INFO REPORT==== 13-Jun-2012::23:27:37 ===
Websocket Client Terminated connection_timeout

=ERROR REPORT==== 13-Jun-2012::23:27:37 ===
** Generic server <0.133.0> terminating 
** Last message in was timeout
** When Server state == {state,undefined,undefined,[],wsdemo_client,
                               {state,{1339,630055,116030}},
                               {"ec2-23-22-162-186.compute-1.amazonaws.com",
                                8000,"/"},
                               <<>>}
** Reason for termination == 
** connection_timeout

=INFO REPORT==== 13-Jun-2012::23:27:37 ===
Websocket Client Terminated connection_timeout

=ERROR REPORT==== 13-Jun-2012::23:27:37 ===
** Generic server <0.134.0> terminating 
** Last message in was timeout
** When Server state == {state,undefined,undefined,[],wsdemo_client,
                               {state,{1339,630055,118029}},
                               {"ec2-23-22-162-186.compute-1.amazonaws.com",
                                8000,"/"},
                               <<>>}
** Reason for termination == 
** connection_timeout

=INFO REPORT==== 13-Jun-2012::23:27:37 ===
Websocket Client Terminated connection_timeout

=ERROR REPORT==== 13-Jun-2012::23:27:37 ===
** Generic server <0.135.0> terminating 
** Last message in was timeout
** When Server state == {state,undefined,undefined,[],wsdemo_client,
                               {state,{1339,630055,120031}},
                               {"ec2-23-22-162-186.compute-1.amazonaws.com",
                                8000,"/"},
                               <<>>}
** Reason for termination == 
** connection_timeout

=INFO REPORT==== 13-Jun-2012::23:27:37 ===
Websocket Client Terminated connection_timeout

=ERROR REPORT==== 13-Jun-2012::23:27:37 ===
** Generic server <0.136.0> terminating 
** Last message in was timeout
** When Server state == {state,undefined,undefined,[],wsdemo_client,
                               {state,{1339,630055,122030}},
                               {"ec2-23-22-162-186.compute-1.amazonaws.com",
                                8000,"/"},
                               <<>>}
** Reason for termination == 
** connection_timeout

=INFO REPORT==== 13-Jun-2012::23:27:37 ===
Websocket Client Terminated connection_timeout

=ERROR REPORT==== 13-Jun-2012::23:27:37 ===
** Generic server <0.137.0> terminating 
** Last message in was timeout
** When Server state == {state,undefined,undefined,[],wsdemo_client,
                               {state,{1339,630055,124029}},
                               {"ec2-23-22-162-186.compute-1.amazonaws.com",
                                8000,"/"},
                               <<>>}
** Reason for termination == 
** connection_timeout

=INFO REPORT==== 13-Jun-2012::23:27:37 ===
Websocket Client Terminated connection_timeout

=ERROR REPORT==== 13-Jun-2012::23:27:37 ===
** Generic server <0.138.0> terminating 
** Last message in was timeout
** When Server state == {state,undefined,undefined,[],wsdemo_client,
                               {state,{1339,630055,126027}},
                               {"ec2-23-22-162-186.compute-1.amazonaws.com",
                                8000,"/"},
                               <<>>}
** Reason for termination == 
** connection_timeout

=INFO REPORT==== 13-Jun-2012::23:27:37 ===
Websocket Client Terminated connection_timeout

=ERROR REPORT==== 13-Jun-2012::23:27:37 ===
** Generic server <0.139.0> terminating 
** Last message in was timeout
** When Server state == {state,undefined,undefined,[],wsdemo_client,
                               {state,{1339,630055,128037}},
                               {"ec2-23-22-162-186.compute-1.amazonaws.com",
                                8000,"/"},
                               <<>>}
** Reason for termination == 
** connection_timeout

=INFO REPORT==== 13-Jun-2012::23:27:37 ===
Websocket Client Terminated connection_timeout

=ERROR REPORT==== 13-Jun-2012::23:27:37 ===
** Generic server <0.140.0> terminating 
** Last message in was timeout
** When Server state == {state,undefined,undefined,[],wsdemo_client,
                               {state,{1339,630055,130042}},
                               {"ec2-23-22-162-186.compute-1.amazonaws.com",
                                8000,"/"},
                               <<>>}
** Reason for termination == 
** connection_timeout

=INFO REPORT==== 13-Jun-2012::23:27:37 ===
Websocket Client Terminated connection_timeout

=ERROR REPORT==== 13-Jun-2012::23:27:37 ===
** Generic server <0.141.0> terminating 
** Last message in was timeout
** When Server state == {state,undefined,undefined,[],wsdemo_client,
                               {state,{1339,630055,132030}},
                               {"ec2-23-22-162-186.compute-1.amazonaws.com",
                                8000,"/"},
                               <<>>}
** Reason for termination == 
** connection_timeout

=INFO REPORT==== 13-Jun-2012::23:27:37 ===
Websocket Client Terminated connection_timeout

=ERROR REPORT==== 13-Jun-2012::23:27:37 ===
** Generic server <0.142.0> terminating 
** Last message in was timeout
** When Server state == {state,undefined,undefined,[],wsdemo_client,
                               {state,{1339,630055,134029}},
                               {"ec2-23-22-162-186.compute-1.amazonaws.com",
                                8000,"/"},
                               <<>>}
** Reason for termination == 
** connection_timeout

=INFO REPORT==== 13-Jun-2012::23:27:37 ===
Websocket Client Terminated connection_timeout

=ERROR REPORT==== 13-Jun-2012::23:27:37 ===
** Generic server <0.143.0> terminating 
** Last message in was timeout
** When Server state == {state,undefined,undefined,[],wsdemo_client,
                               {state,{1339,630055,136037}},
                               {"ec2-23-22-162-186.compute-1.amazonaws.com",
                                8000,"/"},
                               <<>>}
** Reason for termination == 
** connection_timeout

=INFO REPORT==== 13-Jun-2012::23:27:37 ===
Websocket Client Terminated connection_timeout

=ERROR REPORT==== 13-Jun-2012::23:27:37 ===
** Generic server <0.144.0> terminating 
** Last message in was timeout
** When Server state == {state,undefined,undefined,[],wsdemo_client,
                               {state,{1339,630055,138030}},
                               {"ec2-23-22-162-186.compute-1.amazonaws.com",
                                8000,"/"},
                               <<>>}
** Reason for termination == 
** connection_timeout

=INFO REPORT==== 13-Jun-2012::23:27:37 ===
Websocket Client Terminated connection_timeout

=ERROR REPORT==== 13-Jun-2012::23:27:37 ===
** Generic server <0.145.0> terminating 
** Last message in was timeout
** When Server state == {state,undefined,undefined,[],wsdemo_client,
                               {state,{1339,630055,140030}},
                               {"ec2-23-22-162-186.compute-1.amazonaws.com",
                                8000,"/"},
                               <<>>}
** Reason for termination == 
** connection_timeout

=INFO REPORT==== 13-Jun-2012::23:27:37 ===
Websocket Client Terminated connection_timeout

=ERROR REPORT==== 13-Jun-2012::23:27:37 ===
** Generic server <0.146.0> terminating 
** Last message in was timeout
** When Server state == {state,undefined,undefined,[],wsdemo_client,
                               {state,{1339,630055,142038}},
                               {"ec2-23-22-162-186.compute-1.amazonaws.com",
                                8000,"/"},
                               <<>>}
** Reason for termination == 
** connection_timeout

=INFO REPORT==== 13-Jun-2012::23:27:37 ===
Websocket Client Terminated connection_timeout

=ERROR REPORT==== 13-Jun-2012::23:27:37 ===
** Generic server <0.147.0> terminating 
** Last message in was timeout
** When Server state == {state,undefined,undefined,[],wsdemo_client,
                               {state,{1339,630055,144030}},
                               {"ec2-23-22-162-186.compute-1.amazonaws.com",
                                8000,"/"},
                               <<>>}
** Reason for termination == 
** connection_timeout

=INFO REPORT==== 13-Jun-2012::23:27:37 ===
Websocket Client Terminated connection_timeout

=ERROR REPORT==== 13-Jun-2012::23:27:37 ===
** Generic server <0.148.0> terminating 
** Last message in was timeout
** When Server state == {state,undefined,undefined,[],wsdemo_client,
                               {state,{1339,630055,146027}},
                               {"ec2-23-22-162-186.compute-1.amazonaws.com",
                                8000,"/"},
                               <<>>}
** Reason for termination == 
** connection_timeout

=INFO REPORT==== 13-Jun-2012::23:27:37 ===
Websocket Client Terminated connection_timeout

=ERROR REPORT==== 13-Jun-2012::23:27:37 ===
** Generic server <0.149.0> terminating 
** Last message in was timeout
** When Server state == {state,undefined,undefined,[],wsdemo_client,
                               {state,{1339,630055,148029}},
                               {"ec2-23-22-162-186.compute-1.amazonaws.com",
                                8000,"/"},
                               <<>>}
** Reason for termination == 
** connection_timeout

=INFO REPORT==== 13-Jun-2012::23:27:37 ===
Websocket Client Terminated connection_timeout

=ERROR REPORT==== 13-Jun-2012::23:27:37 ===
** Generic server <0.150.0> terminating 
** Last message in was timeout
** When Server state == {state,undefined,undefined,[],wsdemo_client,
                               {state,{1339,630055,150030}},
                               {"ec2-23-22-162-186.compute-1.amazonaws.com",
                                8000,"/"},
                               <<>>}
** Reason for termination == 
** connection_timeout
Result: [{connection_time,
             [{min,1567},
              {max,2073630},
              {arithmetic_mean,168940.40758754863},
              {geometric_mean,31200.494465279622},
              {harmonic_mean,9399.811560514618},
              {median,26617},
              {variance,123018539492.51427},
              {standard_deviation,350739.98844231357},
              {skewness,2.7164844487113418},
              {kurtosis,6.85212552452187},
              {percentile,
                  [{75,103744},{95,1043260},{99,1583130},{999,1924847}]},
              {histogram,
                  [{131567,804},
                   {251567,67},
                   {401567,32},
                   {501567,5},
                   {701567,19},
                   {801567,13},
                   {901567,6},
                   {1001567,11},
                   {1101567,30},
                   {1301567,14},
                   {1401567,4},
                   {1501567,8},
                   {1601567,6},
                   {1801567,6},
                   {1901567,1},
                   {2001567,1},
                   {2101567,1},
                   {2201567,0}]}]},
         {latency,
             [{min,587},
              {max,936981},
              {arithmetic_mean,227188.01653696498},
              {geometric_mean,202801.5999348484},
              {harmonic_mean,94007.32548850514},
              {median,233930},
              {variance,7172450496.960787},
              {standard_deviation,84690.32115277865},
              {skewness,0.9561457641408602},
              {kurtosis,9.056862234860235},
              {percentile,[{75,275229},{95,337791},{99,439979},{999,872760}]},
              {histogram,
                  [{30587,24},
                   {60587,15},
                   {90587,12},
                   {120587,34},
                   {150587,71},
                   {180587,104},
                   {210587,128},
                   {240587,162},
                   {270587,175},
                   {300587,171},
                   {400587,117},
                   {500587,9},
                   {600587,2},
                   {700587,2},
                   {800587,0},
                   {900587,1},
                   {1000587,1}]}]},
         {connections,4996},
         {disconnections,0},
         {messages,1187413},
         {connection_timeouts,108},
         {crashes,0}]
